[1607350434.031][INFO]: Starting ChromeDriver 87.0.4280.88 (89e2380a3e36c3464b5dd1302349b1382549290d-refs/branch-heads/4280@{#1761}) on port 57473
[1607350434.031][INFO]: Please see https://chromedriver.chromium.org/security-considerations for suggestions on keeping ChromeDriver safe.
[1607350435.010][INFO]: [cc1bacb300d6899dfb829e0d042b3744] COMMAND InitSession {
   "capabilities": {
      "alwaysMatch": {
         "browserName": "chrome",
         "goog:chromeOptions": {
            "args": [ "ignore-certificate-errors", "--no-sandbox", "--disable-gpu", "--no-proxy-server", "--kiosk" ],
            "detach": true,
            "excludeSwitches": [ "enable-automation" ],
            "extensions": [  ]
         },
         "platformName": "any"
      },
      "firstMatch": [ {

      } ]
   },
   "desiredCapabilities": {
      "browserName": "chrome",
      "goog:chromeOptions": {
         "args": [ "ignore-certificate-errors", "--no-sandbox", "--disable-gpu", "--no-proxy-server", "--kiosk" ],
         "detach": true,
         "excludeSwitches": [ "enable-automation" ],
         "extensions": [  ]
      },
      "platform": "ANY",
      "version": ""
   }
}
[1607350435.010][INFO]: Populating Preferences file: {
   "alternate_error_pages": {
      "enabled": false
   },
   "autofill": {
      "enabled": false
   },
   "browser": {
      "check_default_browser": false
   },
   "distribution": {
      "import_bookmarks": false,
      "import_history": false,
      "import_search_engine": false,
      "make_chrome_default_for_user": false,
      "skip_first_run_ui": true
   },
   "dns_prefetching": {
      "enabled": false
   },
   "profile": {
      "content_settings": {
         "pattern_pairs": {
            "https://*,*": {
               "media-stream": {
                  "audio": "Default",
                  "video": "Default"
               }
            }
         }
      },
      "default_content_setting_values": {
         "geolocation": 1
      },
      "default_content_settings": {
         "geolocation": 1,
         "mouselock": 1,
         "notifications": 1,
         "popups": 1,
         "ppapi-broker": 1
      },
      "password_manager_enabled": false
   },
   "safebrowsing": {
      "enabled": false
   },
   "search": {
      "suggest_enabled": false
   },
   "translate": {
      "enabled": false
   }
}
[1607350435.010][INFO]: Populating Local State file: {
   "background_mode": {
      "enabled": false
   },
   "ssl": {
      "rev_checking": {
         "enabled": false
      }
   }
}
[1607350435.010][INFO]: Launching chrome: /usr/bin/google-chrome --disable-background-networking --disable-client-side-phishing-detection --disable-default-apps --disable-gpu --disable-hang-monitor --disable-popup-blocking --disable-prompt-on-repost --disable-sync --enable-blink-features=ShadowDOMV0 --enable-logging --ignore-certificate-errors --kiosk --log-level=0 --no-first-run --no-proxy-server --no-sandbox --no-service-autorun --password-store=basic --remote-debugging-port=0 --test-type=webdriver --use-mock-keychain --user-data-dir=/tmp/.com.google.Chrome.ocdA8t data:,

DevTools listening on ws://127.0.0.1:37941/devtools/browser/ce014116-078c-4164-99dc-d459eec4e52d
[1607350435.665][DEBUG]: DevTools HTTP Request: http://localhost:37941/json/version
[1607350435.828][DEBUG]: DevTools HTTP Response: {
   "Browser": "Chrome/87.0.4280.88",
   "Protocol-Version": "1.3",
   "User-Agent": "Mozilla/5.0 (X11; Linux x86_64) AppleWebKit/537.36 (KHTML, like Gecko) Chrome/87.0.4280.88 Safari/537.36",
   "V8-Version": "8.7.220.29",
   "WebKit-Version": "537.36 (@89e2380a3e36c3464b5dd1302349b1382549290d)",
   "webSocketDebuggerUrl": "ws://localhost:37941/devtools/browser/ce014116-078c-4164-99dc-d459eec4e52d"
}

[1607350435.828][DEBUG]: DevTools HTTP Request: http://localhost:37941/json/list
[1607350435.846][DEBUG]: DevTools HTTP Response: [ {
   "description": "",
   "devtoolsFrontendUrl": "/devtools/inspector.html?ws=localhost:37941/devtools/page/8112A25260EFF01532ED062216790F73",
   "id": "8112A25260EFF01532ED062216790F73",
   "title": "",
   "type": "page",
   "url": "data:,",
   "webSocketDebuggerUrl": "ws://localhost:37941/devtools/page/8112A25260EFF01532ED062216790F73"
} ]

[1607350435.846][DEBUG]: DevTools HTTP Request: http://localhost:37941/json/list
[1607350435.851][DEBUG]: DevTools HTTP Response: [ {
   "description": "",
   "devtoolsFrontendUrl": "/devtools/inspector.html?ws=localhost:37941/devtools/page/8112A25260EFF01532ED062216790F73",
   "id": "8112A25260EFF01532ED062216790F73",
   "title": "",
   "type": "page",
   "url": "data:,",
   "webSocketDebuggerUrl": "ws://localhost:37941/devtools/page/8112A25260EFF01532ED062216790F73"
} ]

[1607350435.852][INFO]: resolved localhost to ["127.0.0.1"]
[1607350435.867][DEBUG]: DevTools WebSocket Command: Page.addScriptToEvaluateOnNewDocument (id=1) 8112A25260EFF01532ED062216790F73 {
   "source": "(function () {window.cdc_adoQpoasnfa76pfcZLmcfl_Array = window.Array;window.cdc_adoQpoasnfa76pfcZLmcfl_Promise = window.Promise;window.cdc_adoQpoasnfa76pfcZLmcfl_Symbol = window.Symbol;}) ();"
}
[1607350435.867][DEBUG]: DevTools WebSocket Command: Runtime.evaluate (id=2) 8112A25260EFF01532ED062216790F73 {
   "expression": "(function () {window.cdc_adoQpoasnfa76pfcZLmcfl_Array = window.Array;window.cdc_adoQpoasnfa76pfcZLmcfl_Promise = window.Promise;window.cdc_adoQpoasnfa76pfcZLmcfl_Symbol = window.Symbol;}) ();"
}
[1607350435.867][DEBUG]: DevTools WebSocket Command: Log.enable (id=3) 8112A25260EFF01532ED062216790F73 {

}
[1607350435.868][DEBUG]: DevTools WebSocket Command: DOM.getDocument (id=4) 8112A25260EFF01532ED062216790F73 {

}
[1607350435.868][DEBUG]: DevTools WebSocket Command: Target.setAutoAttach (id=5) 8112A25260EFF01532ED062216790F73 {
   "autoAttach": true,
   "flatten": true,
   "waitForDebuggerOnStart": false
}
[1607350435.868][DEBUG]: DevTools WebSocket Command: Page.enable (id=6) 8112A25260EFF01532ED062216790F73 {

}
[1607350435.868][DEBUG]: DevTools WebSocket Command: Page.enable (id=7) 8112A25260EFF01532ED062216790F73 {

}
[1607350435.900][DEBUG]: DevTools WebSocket Response: Page.addScriptToEvaluateOnNewDocument (id=1) 8112A25260EFF01532ED062216790F73 {
   "identifier": "1"
}
[1607350435.900][DEBUG]: DevTools WebSocket Response: Runtime.evaluate (id=2) 8112A25260EFF01532ED062216790F73 {
   "result": {
      "type": "undefined"
   }
}
[1607350435.900][DEBUG]: DevTools WebSocket Response: Log.enable (id=3) 8112A25260EFF01532ED062216790F73 {

}
[1607350435.900][DEBUG]: DevTools WebSocket Response: DOM.getDocument (id=4) 8112A25260EFF01532ED062216790F73 {
   "root": {
      "backendNodeId": 2,
      "baseURL": "data:,",
      "childNodeCount": 0,
      "children": [  ],
      "documentURL": "data:,",
      "localName": "",
      "nodeId": 1,
      "nodeName": "#document",
      "nodeType": 9,
      "nodeValue": "",
      "xmlVersion": ""
   }
}
[1607350435.900][DEBUG]: DevTools WebSocket Response: Target.setAutoAttach (id=5) 8112A25260EFF01532ED062216790F73 {

}
[1607350435.900][DEBUG]: DevTools WebSocket Response: Page.enable (id=6) 8112A25260EFF01532ED062216790F73 {

}
[1607350435.900][DEBUG]: DevTools WebSocket Response: Page.enable (id=7) 8112A25260EFF01532ED062216790F73 {

}
[1607350435.900][DEBUG]: DevTools WebSocket Command: Runtime.enable (id=8) 8112A25260EFF01532ED062216790F73 {

}
[1607350435.906][DEBUG]: DevTools WebSocket Event: DOM.childNodeInserted 8112A25260EFF01532ED062216790F73 {
   "node": {
      "attributes": [  ],
      "backendNodeId": 3,
      "childNodeCount": 0,
      "frameId": "8112A25260EFF01532ED062216790F73",
      "localName": "html",
      "nodeId": 2,
      "nodeName": "HTML",
      "nodeType": 1,
      "nodeValue": ""
   },
   "parentNodeId": 1,
   "previousNodeId": 0
}
[1607350435.906][DEBUG]: DevTools WebSocket Event: DOM.childNodeCountUpdated 8112A25260EFF01532ED062216790F73 {
   "childNodeCount": 1,
   "nodeId": 2
}
[1607350435.906][DEBUG]: DevTools WebSocket Event: DOM.childNodeCountUpdated 8112A25260EFF01532ED062216790F73 {
   "childNodeCount": 2,
   "nodeId": 2
}
[1607350435.906][DEBUG]: DevTools WebSocket Event: Page.loadEventFired 8112A25260EFF01532ED062216790F73 {
   "timestamp": 19390.545331
}
[1607350435.906][DEBUG]: DevTools WebSocket Command: Runtime.evaluate (id=9) 8112A25260EFF01532ED062216790F73 {
   "awaitPromise": false,
   "expression": "document.readyState",
   "returnByValue": true
}
[1607350435.906][DEBUG]: DevTools WebSocket Event: Page.frameStoppedLoading 8112A25260EFF01532ED062216790F73 {
   "frameId": "8112A25260EFF01532ED062216790F73"
}
[1607350435.906][DEBUG]: DevTools WebSocket Event: DOM.documentUpdated 8112A25260EFF01532ED062216790F73 {

}
[1607350435.906][DEBUG]: DevTools WebSocket Command: DOM.getDocument (id=10) 8112A25260EFF01532ED062216790F73 {

}
[1607350435.906][DEBUG]: DevTools WebSocket Event: Page.domContentEventFired 8112A25260EFF01532ED062216790F73 {
   "timestamp": 19390.546328
}
[1607350435.908][DEBUG]: DevTools WebSocket Event: Page.frameResized 8112A25260EFF01532ED062216790F73 {

}
[1607350435.909][DEBUG]: DevTools WebSocket Event: Runtime.executionContextCreated 8112A25260EFF01532ED062216790F73 {
   "context": {
      "auxData": {
         "frameId": "8112A25260EFF01532ED062216790F73",
         "isDefault": true,
         "type": "default"
      },
      "id": 1,
      "name": "",
      "origin": "://"
   }
}
[1607350435.909][DEBUG]: DevTools WebSocket Response: Runtime.enable (id=8) 8112A25260EFF01532ED062216790F73 {

}
[1607350435.909][DEBUG]: DevTools WebSocket Response: Runtime.evaluate (id=9) 8112A25260EFF01532ED062216790F73 {
   "result": {
      "type": "string",
      "value": "complete"
   }
}
[1607350435.909][DEBUG]: DevTools WebSocket Command: Page.enable (id=11) 8112A25260EFF01532ED062216790F73 {

}
[1607350435.909][DEBUG]: DevTools WebSocket Response: DOM.getDocument (id=10) 8112A25260EFF01532ED062216790F73 {
   "root": {
      "backendNodeId": 2,
      "baseURL": "data:,",
      "childNodeCount": 1,
      "children": [ {
         "attributes": [  ],
         "backendNodeId": 3,
         "childNodeCount": 2,
         "children": [ {
            "attributes": [  ],
            "backendNodeId": 4,
            "childNodeCount": 0,
            "localName": "head",
            "nodeId": 5,
            "nodeName": "HEAD",
            "nodeType": 1,
            "nodeValue": "",
            "parentId": 4
         }, {
            "attributes": [  ],
            "backendNodeId": 5,
            "childNodeCount": 0,
            "localName": "body",
            "nodeId": 6,
            "nodeName": "BODY",
            "nodeType": 1,
            "nodeValue": "",
            "parentId": 4
         } ],
         "frameId": "8112A25260EFF01532ED062216790F73",
         "localName": "html",
         "nodeId": 4,
         "nodeName": "HTML",
         "nodeType": 1,
         "nodeValue": "",
         "parentId": 3
      } ],
      "documentURL": "data:,",
      "localName": "",
      "nodeId": 3,
      "nodeName": "#document",
      "nodeType": 9,
      "nodeValue": "",
      "xmlVersion": ""
   }
}
[1607350435.910][DEBUG]: DevTools WebSocket Response: Page.enable (id=11) 8112A25260EFF01532ED062216790F73 {

}
[1607350435.910][DEBUG]: DevTools WebSocket Command: Runtime.enable (id=12) 8112A25260EFF01532ED062216790F73 {

}
[1607350435.916][DEBUG]: DevTools WebSocket Response: Runtime.enable (id=12) 8112A25260EFF01532ED062216790F73 {

}
[1607350435.916][DEBUG]: DevTools WebSocket Command: Runtime.evaluate (id=13) 8112A25260EFF01532ED062216790F73 {
   "awaitPromise": true,
   "expression": "(function() { // Copyright (c) 2012 The Chromium Authors. All rights reserved.\n// Use of this source code is governed by a BSD-style license that can be\n// found in the LICENSE file.\n\n/**\n * Enum f...",
   "returnByValue": true
}
[1607350435.920][DEBUG]: DevTools WebSocket Response: Runtime.evaluate (id=13) 8112A25260EFF01532ED062216790F73 {
   "result": {
      "type": "object",
      "value": {
         "status": 0,
         "value": 1
      }
   }
}
[1607350435.920][INFO]: [cc1bacb300d6899dfb829e0d042b3744] RESPONSE InitSession {
   "capabilities": {
      "acceptInsecureCerts": false,
      "browserName": "chrome",
      "browserVersion": "87.0.4280.88",
      "chrome": {
         "chromedriverVersion": "87.0.4280.88 (89e2380a3e36c3464b5dd1302349b1382549290d-refs/branch-heads/4280@{#1761})",
         "userDataDir": "/tmp/.com.google.Chrome.ocdA8t"
      },
      "goog:chromeOptions": {
         "debuggerAddress": "localhost:37941"
      },
      "networkConnectionEnabled": false,
      "pageLoadStrategy": "normal",
      "platformName": "linux",
      "proxy": {

      },
      "setWindowRect": true,
      "strictFileInteractability": false,
      "timeouts": {
         "implicit": 0,
         "pageLoad": 300000,
         "script": 30000
      },
      "unhandledPromptBehavior": "dismiss and notify",
      "webauthn:virtualAuthenticators": true
   },
   "sessionId": "cc1bacb300d6899dfb829e0d042b3744"
}
[1607350435.922][INFO]: [cc1bacb300d6899dfb829e0d042b3744] COMMAND Navigate {
   "url": "https://192.168.0.103:8443/?referrer=https%3A%2F%2F192.168.0.103%3A8443%2Fapp%2Fcom.tngtech.sastiot.feedback%2F"
}
[1607350435.922][INFO]: Waiting for pending navigations...
[1607350435.922][DEBUG]: DevTools WebSocket Command: Runtime.evaluate (id=14) 8112A25260EFF01532ED062216790F73 {
   "expression": "1"
}
[1607350435.925][DEBUG]: DevTools WebSocket Response: Runtime.evaluate (id=14) 8112A25260EFF01532ED062216790F73 {
   "result": {
      "description": "1",
      "type": "number",
      "value": 1
   }
}
[1607350435.926][INFO]: Done waiting for pending navigations. Status: ok
[1607350435.926][DEBUG]: DevTools WebSocket Command: Page.navigate (id=15) 8112A25260EFF01532ED062216790F73 {
   "url": "https://192.168.0.103:8443/?referrer=https%3A%2F%2F192.168.0.103%3A8443%2Fapp%2Fcom.tngtech.sastiot.feedback%2F"
}
[1607350435.931][DEBUG]: DevTools WebSocket Event: Page.frameResized 8112A25260EFF01532ED062216790F73 {

}
[1607350436.386][DEBUG]: DevTools WebSocket Response: Page.navigate (id=15) 8112A25260EFF01532ED062216790F73 {
   "frameId": "8112A25260EFF01532ED062216790F73",
   "loaderId": "DB3BF4C86C830AD46D95DCFFC50AFE55"
}
[1607350436.386][DEBUG]: DevTools WebSocket Command: Runtime.evaluate (id=16) 8112A25260EFF01532ED062216790F73 {
   "expression": "document.URL"
}
[1607350436.388][DEBUG]: DevTools WebSocket Event: Runtime.executionContextsCleared 8112A25260EFF01532ED062216790F73 {

}
[1607350436.401][DEBUG]: DevTools WebSocket Event: Page.frameStartedLoading 8112A25260EFF01532ED062216790F73 {
   "frameId": "8112A25260EFF01532ED062216790F73"
}
[1607350436.439][DEBUG]: DevTools WebSocket Event: Runtime.executionContextsCleared 8112A25260EFF01532ED062216790F73 {

}
[1607350436.447][DEBUG]: DevTools WebSocket Event: Page.frameNavigated 8112A25260EFF01532ED062216790F73 {
   "frame": {
      "adFrameType": "none",
      "crossOriginIsolatedContextType": "NotIsolated",
      "domainAndRegistry": "",
      "id": "8112A25260EFF01532ED062216790F73",
      "loaderId": "DB3BF4C86C830AD46D95DCFFC50AFE55",
      "mimeType": "text/html",
      "secureContextType": "Secure",
      "securityOrigin": "https://192.168.0.103:8443",
      "url": "https://192.168.0.103:8443/?referrer=https%3A%2F%2F192.168.0.103%3A8443%2Fapp%2Fcom.tngtech.sastiot.feedback%2F"
   }
}
[1607350436.448][DEBUG]: DevTools WebSocket Event: DOM.documentUpdated 8112A25260EFF01532ED062216790F73 {

}
[1607350436.448][DEBUG]: DevTools WebSocket Command: DOM.getDocument (id=17) 8112A25260EFF01532ED062216790F73 {

}
[1607350436.448][DEBUG]: DevTools WebSocket Event: Runtime.executionContextCreated 8112A25260EFF01532ED062216790F73 {
   "context": {
      "auxData": {
         "frameId": "8112A25260EFF01532ED062216790F73",
         "isDefault": true,
         "type": "default"
      },
      "id": 1,
      "name": "",
      "origin": "https://192.168.0.103:8443"
   }
}
[1607350436.448][DEBUG]: DevTools WebSocket Response: Runtime.evaluate (id=16) 8112A25260EFF01532ED062216790F73 {
   "result": {
      "type": "string",
      "value": "https://192.168.0.103:8443/?referrer=https%3A%2F%2F192.168.0.103%3A8443%2Fapp%2Fcom.tngtech.sastiot.feedback%2F"
   }
}
[1607350436.448][INFO]: Waiting for pending navigations...
[1607350436.448][DEBUG]: DevTools WebSocket Command: Runtime.evaluate (id=18) 8112A25260EFF01532ED062216790F73 {
   "expression": "1"
}
[1607350436.463][DEBUG]: DevTools WebSocket Response: DOM.getDocument (id=17) 8112A25260EFF01532ED062216790F73 {
   "root": {
      "backendNodeId": 1,
      "baseURL": "https://192.168.0.103:8443/?referrer=https%3A%2F%2F192.168.0.103%3A8443%2Fapp%2Fcom.tngtech.sastiot.feedback%2F",
      "childNodeCount": 3,
      "children": [ {
         "backendNodeId": 2,
         "localName": "",
         "nodeId": 2,
         "nodeName": "#comment",
         "nodeType": 8,
         "nodeValue": "\nCopyright 2020 by Security and Safety Things GmbH\n\nAll rights reserved,\nalso regarding any disposal, exploitation, reproduction,\nediting, distribution, as well as in the event of\napplications for ...",
         "parentId": 1
      }, {
         "backendNodeId": 3,
         "localName": "",
         "nodeId": 3,
         "nodeName": "html",
         "nodeType": 10,
         "nodeValue": "",
         "parentId": 1,
         "publicId": "",
         "systemId": ""
      }, {
         "attributes": [ "lang", "en" ],
         "backendNodeId": 4,
         "childNodeCount": 1,
         "children": [ {
            "attributes": [  ],
            "backendNodeId": 5,
            "childNodeCount": 5,
            "localName": "head",
            "nodeId": 5,
            "nodeName": "HEAD",
            "nodeType": 1,
            "nodeValue": "",
            "parentId": 4
         } ],
         "frameId": "8112A25260EFF01532ED062216790F73",
         "localName": "html",
         "nodeId": 4,
         "nodeName": "HTML",
         "nodeType": 1,
         "nodeValue": "",
         "parentId": 1
      } ],
      "documentURL": "https://192.168.0.103:8443/?referrer=https%3A%2F%2F192.168.0.103%3A8443%2Fapp%2Fcom.tngtech.sastiot.feedback%2F",
      "localName": "",
      "nodeId": 1,
      "nodeName": "#document",
      "nodeType": 9,
      "nodeValue": "",
      "xmlVersion": ""
   }
}
[1607350436.471][DEBUG]: DevTools WebSocket Response: Runtime.evaluate (id=18) 8112A25260EFF01532ED062216790F73 {
   "result": {
      "description": "1",
      "type": "number",
      "value": 1
   }
}
[1607350436.551][DEBUG]: DevTools WebSocket Event: DOM.childNodeCountUpdated 8112A25260EFF01532ED062216790F73 {
   "childNodeCount": 6,
   "nodeId": 5
}
[1607350436.551][DEBUG]: DevTools WebSocket Event: DOM.childNodeCountUpdated 8112A25260EFF01532ED062216790F73 {
   "childNodeCount": 7,
   "nodeId": 5
}
[1607350436.551][DEBUG]: DevTools WebSocket Event: DOM.childNodeCountUpdated 8112A25260EFF01532ED062216790F73 {
   "childNodeCount": 8,
   "nodeId": 5
}
[1607350436.552][DEBUG]: DevTools WebSocket Event: DOM.childNodeInserted 8112A25260EFF01532ED062216790F73 {
   "node": {
      "attributes": [  ],
      "backendNodeId": 6,
      "childNodeCount": 0,
      "localName": "body",
      "nodeId": 6,
      "nodeName": "BODY",
      "nodeType": 1,
      "nodeValue": ""
   },
   "parentNodeId": 4,
   "previousNodeId": 5
}
[1607350436.552][DEBUG]: DevTools WebSocket Event: DOM.childNodeCountUpdated 8112A25260EFF01532ED062216790F73 {
   "childNodeCount": 1,
   "nodeId": 6
}
[1607350436.552][DEBUG]: DevTools WebSocket Event: DOM.childNodeCountUpdated 8112A25260EFF01532ED062216790F73 {
   "childNodeCount": 2,
   "nodeId": 6
}
[1607350436.552][DEBUG]: DevTools WebSocket Event: Log.entryAdded 8112A25260EFF01532ED062216790F73 {
   "entry": {
      "args": [ {
         "className": "HTMLInputElement",
         "description": "input#Login_password",
         "objectId": "{\"injectedScriptId\":1,\"id\":1}",
         "subtype": "node",
         "type": "object"
      } ],
      "level": "verbose",
      "source": "recommendation",
      "text": "[DOM] Input elements should have autocomplete attributes (suggested: \"current-password\"): (More info: https://goo.gl/9p2vKq) %o",
      "timestamp": 1.607350436539202e+12,
      "url": "https://192.168.0.103:8443/?referrer=https%3A%2F%2F192.168.0.103%3A8443%2Fapp%2Fcom.tngtech.sastiot.feedback%2F"
   }
}
[1607350436.552][DEBUG]: DevTools WebSocket Event: DOM.documentUpdated 8112A25260EFF01532ED062216790F73 {

}
[1607350436.552][DEBUG]: DevTools WebSocket Command: DOM.getDocument (id=19) 8112A25260EFF01532ED062216790F73 {

}
[1607350436.552][DEBUG]: DevTools WebSocket Event: Page.domContentEventFired 8112A25260EFF01532ED062216790F73 {
   "timestamp": 19391.200055
}
[1607350436.552][DEBUG]: DevTools WebSocket Command: Runtime.evaluate (id=20) 8112A25260EFF01532ED062216790F73 {
   "expression": "1"
}
[1607350436.848][DEBUG]: DevTools WebSocket Response: DOM.getDocument (id=19) 8112A25260EFF01532ED062216790F73 {
   "root": {
      "backendNodeId": 1,
      "baseURL": "https://192.168.0.103:8443/?referrer=https%3A%2F%2F192.168.0.103%3A8443%2Fapp%2Fcom.tngtech.sastiot.feedback%2F",
      "childNodeCount": 3,
      "children": [ {
         "backendNodeId": 2,
         "localName": "",
         "nodeId": 8,
         "nodeName": "#comment",
         "nodeType": 8,
         "nodeValue": "\nCopyright 2020 by Security and Safety Things GmbH\n\nAll rights reserved,\nalso regarding any disposal, exploitation, reproduction,\nediting, distribution, as well as in the event of\napplications for ...",
         "parentId": 7
      }, {
         "backendNodeId": 3,
         "localName": "",
         "nodeId": 9,
         "nodeName": "html",
         "nodeType": 10,
         "nodeValue": "",
         "parentId": 7,
         "publicId": "",
         "systemId": ""
      }, {
         "attributes": [ "lang", "en" ],
         "backendNodeId": 4,
         "childNodeCount": 2,
         "children": [ {
            "attributes": [  ],
            "backendNodeId": 5,
            "childNodeCount": 8,
            "localName": "head",
            "nodeId": 11,
            "nodeName": "HEAD",
            "nodeType": 1,
            "nodeValue": "",
            "parentId": 10
         }, {
            "attributes": [  ],
            "backendNodeId": 6,
            "childNodeCount": 2,
            "localName": "body",
            "nodeId": 12,
            "nodeName": "BODY",
            "nodeType": 1,
            "nodeValue": "",
            "parentId": 10
         } ],
         "frameId": "8112A25260EFF01532ED062216790F73",
         "localName": "html",
         "nodeId": 10,
         "nodeName": "HTML",
         "nodeType": 1,
         "nodeValue": "",
         "parentId": 7
      } ],
      "documentURL": "https://192.168.0.103:8443/?referrer=https%3A%2F%2F192.168.0.103%3A8443%2Fapp%2Fcom.tngtech.sastiot.feedback%2F",
      "localName": "",
      "nodeId": 7,
      "nodeName": "#document",
      "nodeType": 9,
      "nodeValue": "",
      "xmlVersion": ""
   }
}
[1607350436.848][DEBUG]: DevTools WebSocket Response: Runtime.evaluate (id=20) 8112A25260EFF01532ED062216790F73 {
   "result": {
      "description": "1",
      "type": "number",
      "value": 1
   }
}
[1607350436.956][DEBUG]: DevTools WebSocket Event: Page.loadEventFired 8112A25260EFF01532ED062216790F73 {
   "timestamp": 19391.61063
}
[1607350436.956][DEBUG]: DevTools WebSocket Command: Runtime.evaluate (id=21) 8112A25260EFF01532ED062216790F73 {
   "awaitPromise": false,
   "expression": "document.readyState",
   "returnByValue": true
}
[1607350436.957][DEBUG]: DevTools WebSocket Event: Page.frameStoppedLoading 8112A25260EFF01532ED062216790F73 {
   "frameId": "8112A25260EFF01532ED062216790F73"
}
[1607350436.964][DEBUG]: DevTools WebSocket Response: Runtime.evaluate (id=21) 8112A25260EFF01532ED062216790F73 {
   "result": {
      "type": "string",
      "value": "complete"
   }
}
[1607350436.965][DEBUG]: DevTools WebSocket Command: Runtime.evaluate (id=22) 8112A25260EFF01532ED062216790F73 {
   "expression": "1"
}
[1607350436.966][DEBUG]: DevTools WebSocket Response: Runtime.evaluate (id=22) 8112A25260EFF01532ED062216790F73 {
   "result": {
      "description": "1",
      "type": "number",
      "value": 1
   }
}
[1607350436.966][INFO]: Done waiting for pending navigations. Status: ok
[1607350436.966][INFO]: [cc1bacb300d6899dfb829e0d042b3744] RESPONSE Navigate
[1607350436.970][INFO]: [cc1bacb300d6899dfb829e0d042b3744] COMMAND FindElement {
   "using": "css selector",
   "value": "[id=\"Login_username\"]"
}
[1607350436.970][INFO]: Waiting for pending navigations...
[1607350436.970][DEBUG]: DevTools WebSocket Command: Runtime.evaluate (id=23) 8112A25260EFF01532ED062216790F73 {
   "expression": "1"
}
[1607350436.983][DEBUG]: DevTools WebSocket Response: Runtime.evaluate (id=23) 8112A25260EFF01532ED062216790F73 {
   "result": {
      "description": "1",
      "type": "number",
      "value": 1
   }
}
[1607350436.983][INFO]: Done waiting for pending navigations. Status: ok
[1607350436.988][DEBUG]: DevTools WebSocket Command: Runtime.evaluate (id=24) 8112A25260EFF01532ED062216790F73 {
   "awaitPromise": true,
   "expression": "(function() { // Copyright (c) 2012 The Chromium Authors. All rights reserved.\n// Use of this source code is governed by a BSD-style license that can be\n// found in the LICENSE file.\n\n/**\n * Enum f...",
   "returnByValue": true
}
[1607350437.035][DEBUG]: DevTools WebSocket Response: Runtime.evaluate (id=24) 8112A25260EFF01532ED062216790F73 {
   "result": {
      "type": "object",
      "value": {
         "status": 0,
         "value": {
            "element-6066-11e4-a52e-4f735466cecf": "58f5d2fb-322c-48ba-b6f8-03d6c63636f9"
         }
      }
   }
}
[1607350437.035][INFO]: Waiting for pending navigations...
[1607350437.035][DEBUG]: DevTools WebSocket Command: Runtime.evaluate (id=25) 8112A25260EFF01532ED062216790F73 {
   "expression": "1"
}
[1607350437.038][DEBUG]: DevTools WebSocket Response: Runtime.evaluate (id=25) 8112A25260EFF01532ED062216790F73 {
   "result": {
      "description": "1",
      "type": "number",
      "value": 1
   }
}
[1607350437.038][INFO]: Done waiting for pending navigations. Status: ok
[1607350437.038][INFO]: [cc1bacb300d6899dfb829e0d042b3744] RESPONSE FindElement {
   "element-6066-11e4-a52e-4f735466cecf": "58f5d2fb-322c-48ba-b6f8-03d6c63636f9"
}
[1607350437.040][INFO]: [cc1bacb300d6899dfb829e0d042b3744] COMMAND TypeElement {
   "id": "58f5d2fb-322c-48ba-b6f8-03d6c63636f9",
   "text": "bojan",
   "value": [ "b", "o", "j", "a", "n" ]
}
[1607350437.040][INFO]: Waiting for pending navigations...
[1607350437.040][DEBUG]: DevTools WebSocket Command: Runtime.evaluate (id=26) 8112A25260EFF01532ED062216790F73 {
   "expression": "1"
}
[1607350437.047][DEBUG]: DevTools WebSocket Response: Runtime.evaluate (id=26) 8112A25260EFF01532ED062216790F73 {
   "result": {
      "description": "1",
      "type": "number",
      "value": 1
   }
}
[1607350437.047][INFO]: Done waiting for pending navigations. Status: ok
[1607350437.050][DEBUG]: DevTools WebSocket Command: Runtime.evaluate (id=27) 8112A25260EFF01532ED062216790F73 {
   "awaitPromise": true,
   "expression": "(function() { // Copyright (c) 2012 The Chromium Authors. All rights reserved.\n// Use of this source code is governed by a BSD-style license that can be\n// found in the LICENSE file.\n\n/**\n * Enum f...",
   "returnByValue": true
}
[1607350437.078][DEBUG]: DevTools WebSocket Response: Runtime.evaluate (id=27) 8112A25260EFF01532ED062216790F73 {
   "result": {
      "type": "object",
      "value": {
         "status": 0,
         "value": "INPUT"
      }
   }
}
[1607350437.081][DEBUG]: DevTools WebSocket Command: Runtime.evaluate (id=28) 8112A25260EFF01532ED062216790F73 {
   "awaitPromise": true,
   "expression": "(function() { // Copyright (c) 2012 The Chromium Authors. All rights reserved.\n// Use of this source code is governed by a BSD-style license that can be\n// found in the LICENSE file.\n\n/**\n * Enum f...",
   "returnByValue": true
}
[1607350437.092][DEBUG]: DevTools WebSocket Response: Runtime.evaluate (id=28) 8112A25260EFF01532ED062216790F73 {
   "result": {
      "type": "object",
      "value": {
         "status": 0,
         "value": "text"
      }
   }
}
[1607350437.093][DEBUG]: DevTools WebSocket Command: Runtime.evaluate (id=29) 8112A25260EFF01532ED062216790F73 {
   "awaitPromise": true,
   "expression": "(function() { // Copyright (c) 2012 The Chromium Authors. All rights reserved.\n// Use of this source code is governed by a BSD-style license that can be\n// found in the LICENSE file.\n\n/**\n * Enum f...",
   "returnByValue": true
}
[1607350437.098][DEBUG]: DevTools WebSocket Response: Runtime.evaluate (id=29) 8112A25260EFF01532ED062216790F73 {
   "result": {
      "type": "object",
      "value": {
         "status": 0,
         "value": false
      }
   }
}
[1607350437.103][DEBUG]: DevTools WebSocket Command: Runtime.evaluate (id=30) 8112A25260EFF01532ED062216790F73 {
   "awaitPromise": true,
   "expression": "(function() { // Copyright (c) 2012 The Chromium Authors. All rights reserved.\n// Use of this source code is governed by a BSD-style license that can be\n// found in the LICENSE file.\n\n/**\n * Enum f...",
   "returnByValue": true
}
[1607350437.108][DEBUG]: DevTools WebSocket Response: Runtime.evaluate (id=30) 8112A25260EFF01532ED062216790F73 {
   "result": {
      "type": "object",
      "value": {
         "status": 0,
         "value": "INPUT"
      }
   }
}
[1607350437.108][DEBUG]: DevTools WebSocket Command: Runtime.evaluate (id=31) 8112A25260EFF01532ED062216790F73 {
   "awaitPromise": false,
   "expression": "document.hasFocus()",
   "returnByValue": true
}
[1607350437.108][DEBUG]: DevTools WebSocket Response: Runtime.evaluate (id=31) 8112A25260EFF01532ED062216790F73 {
   "result": {
      "type": "boolean",
      "value": false
   }
}
[1607350437.112][DEBUG]: DevTools WebSocket Command: Runtime.evaluate (id=32) 8112A25260EFF01532ED062216790F73 {
   "awaitPromise": true,
   "expression": "(function() { // Copyright (c) 2012 The Chromium Authors. All rights reserved.\n// Use of this source code is governed by a BSD-style license that can be\n// found in the LICENSE file.\n\n/**\n * Enum f...",
   "returnByValue": true
}
[1607350437.123][DEBUG]: DevTools WebSocket Response: Runtime.evaluate (id=32) 8112A25260EFF01532ED062216790F73 {
   "result": {
      "type": "object",
      "value": {
         "status": 0,
         "value": true
      }
   }
}
[1607350437.125][DEBUG]: DevTools WebSocket Command: Runtime.evaluate (id=33) 8112A25260EFF01532ED062216790F73 {
   "awaitPromise": true,
   "expression": "(function() { // Copyright (c) 2012 The Chromium Authors. All rights reserved.\n// Use of this source code is governed by a BSD-style license that can be\n// found in the LICENSE file.\n\n/**\n * Enum f...",
   "returnByValue": true
}
[1607350437.134][DEBUG]: DevTools WebSocket Response: Runtime.evaluate (id=33) 8112A25260EFF01532ED062216790F73 {
   "result": {
      "type": "object",
      "value": {
         "status": 0,
         "value": true
      }
   }
}
[1607350437.135][DEBUG]: DevTools WebSocket Command: Runtime.evaluate (id=34) 8112A25260EFF01532ED062216790F73 {
   "awaitPromise": true,
   "expression": "(function() { // Copyright (c) 2012 The Chromium Authors. All rights reserved.\n// Use of this source code is governed by a BSD-style license that can be\n// found in the LICENSE file.\n\n/**\n * Enum f...",
   "returnByValue": true
}
[1607350437.141][DEBUG]: DevTools WebSocket Response: Runtime.evaluate (id=34) 8112A25260EFF01532ED062216790F73 {
   "result": {
      "type": "object",
      "value": {
         "status": 0,
         "value": null
      }
   }
}
[1607350437.144][DEBUG]: DevTools WebSocket Command: Runtime.evaluate (id=35) 8112A25260EFF01532ED062216790F73 {
   "awaitPromise": true,
   "expression": "(function() { // Copyright (c) 2012 The Chromium Authors. All rights reserved.\n// Use of this source code is governed by a BSD-style license that can be\n// found in the LICENSE file.\n\n/**\n * Enum f...",
   "returnByValue": true
}
[1607350437.150][DEBUG]: DevTools WebSocket Response: Runtime.evaluate (id=35) 8112A25260EFF01532ED062216790F73 {
   "result": {
      "type": "object",
      "value": {
         "status": 0,
         "value": null
      }
   }
}
[1607350437.154][DEBUG]: DevTools WebSocket Command: Input.dispatchKeyEvent (id=36) 8112A25260EFF01532ED062216790F73 {
   "code": "KeyB",
   "key": "b",
   "modifiers": 0,
   "text": "b",
   "type": "rawKeyDown",
   "unmodifiedText": "b",
   "windowsVirtualKeyCode": 66
}
[1607350437.156][DEBUG]: DevTools WebSocket Command: Input.dispatchKeyEvent (id=37) 8112A25260EFF01532ED062216790F73 {
   "code": "KeyB",
   "key": "b",
   "modifiers": 0,
   "text": "b",
   "type": "char",
   "unmodifiedText": "b",
   "windowsVirtualKeyCode": 66
}
[1607350437.156][DEBUG]: DevTools WebSocket Command: Input.dispatchKeyEvent (id=38) 8112A25260EFF01532ED062216790F73 {
   "code": "KeyB",
   "key": "b",
   "modifiers": 0,
   "text": "b",
   "type": "keyUp",
   "unmodifiedText": "b",
   "windowsVirtualKeyCode": 66
}
[1607350437.156][DEBUG]: DevTools WebSocket Command: Input.dispatchKeyEvent (id=39) 8112A25260EFF01532ED062216790F73 {
   "code": "KeyO",
   "key": "o",
   "modifiers": 0,
   "text": "o",
   "type": "rawKeyDown",
   "unmodifiedText": "o",
   "windowsVirtualKeyCode": 79
}
[1607350437.156][DEBUG]: DevTools WebSocket Command: Input.dispatchKeyEvent (id=40) 8112A25260EFF01532ED062216790F73 {
   "code": "KeyO",
   "key": "o",
   "modifiers": 0,
   "text": "o",
   "type": "char",
   "unmodifiedText": "o",
   "windowsVirtualKeyCode": 79
}
[1607350437.156][DEBUG]: DevTools WebSocket Command: Input.dispatchKeyEvent (id=41) 8112A25260EFF01532ED062216790F73 {
   "code": "KeyO",
   "key": "o",
   "modifiers": 0,
   "text": "o",
   "type": "keyUp",
   "unmodifiedText": "o",
   "windowsVirtualKeyCode": 79
}
[1607350437.156][DEBUG]: DevTools WebSocket Command: Input.dispatchKeyEvent (id=42) 8112A25260EFF01532ED062216790F73 {
   "code": "KeyJ",
   "key": "j",
   "modifiers": 0,
   "text": "j",
   "type": "rawKeyDown",
   "unmodifiedText": "j",
   "windowsVirtualKeyCode": 74
}
[1607350437.156][DEBUG]: DevTools WebSocket Command: Input.dispatchKeyEvent (id=43) 8112A25260EFF01532ED062216790F73 {
   "code": "KeyJ",
   "key": "j",
   "modifiers": 0,
   "text": "j",
   "type": "char",
   "unmodifiedText": "j",
   "windowsVirtualKeyCode": 74
}
[1607350437.161][DEBUG]: DevTools WebSocket Command: Input.dispatchKeyEvent (id=44) 8112A25260EFF01532ED062216790F73 {
   "code": "KeyJ",
   "key": "j",
   "modifiers": 0,
   "text": "j",
   "type": "keyUp",
   "unmodifiedText": "j",
   "windowsVirtualKeyCode": 74
}
[1607350437.162][DEBUG]: DevTools WebSocket Command: Input.dispatchKeyEvent (id=45) 8112A25260EFF01532ED062216790F73 {
   "code": "KeyA",
   "key": "a",
   "modifiers": 0,
   "text": "a",
   "type": "rawKeyDown",
   "unmodifiedText": "a",
   "windowsVirtualKeyCode": 65
}
[1607350437.162][DEBUG]: DevTools WebSocket Command: Input.dispatchKeyEvent (id=46) 8112A25260EFF01532ED062216790F73 {
   "code": "KeyA",
   "key": "a",
   "modifiers": 0,
   "text": "a",
   "type": "char",
   "unmodifiedText": "a",
   "windowsVirtualKeyCode": 65
}
[1607350437.162][DEBUG]: DevTools WebSocket Command: Input.dispatchKeyEvent (id=47) 8112A25260EFF01532ED062216790F73 {
   "code": "KeyA",
   "key": "a",
   "modifiers": 0,
   "text": "a",
   "type": "keyUp",
   "unmodifiedText": "a",
   "windowsVirtualKeyCode": 65
}
[1607350437.162][DEBUG]: DevTools WebSocket Command: Input.dispatchKeyEvent (id=48) 8112A25260EFF01532ED062216790F73 {
   "code": "KeyN",
   "key": "n",
   "modifiers": 0,
   "text": "n",
   "type": "rawKeyDown",
   "unmodifiedText": "n",
   "windowsVirtualKeyCode": 78
}
[1607350437.163][DEBUG]: DevTools WebSocket Command: Input.dispatchKeyEvent (id=49) 8112A25260EFF01532ED062216790F73 {
   "code": "KeyN",
   "key": "n",
   "modifiers": 0,
   "text": "n",
   "type": "char",
   "unmodifiedText": "n",
   "windowsVirtualKeyCode": 78
}
[1607350437.163][DEBUG]: DevTools WebSocket Command: Input.dispatchKeyEvent (id=50) 8112A25260EFF01532ED062216790F73 {
   "code": "KeyN",
   "key": "n",
   "modifiers": 0,
   "text": "n",
   "type": "keyUp",
   "unmodifiedText": "n",
   "windowsVirtualKeyCode": 78
}
[1607350437.163][DEBUG]: DevTools WebSocket Response: Input.dispatchKeyEvent (id=36) 8112A25260EFF01532ED062216790F73 {

}
[1607350437.163][DEBUG]: DevTools WebSocket Response: Input.dispatchKeyEvent (id=37) 8112A25260EFF01532ED062216790F73 {

}
[1607350437.163][DEBUG]: DevTools WebSocket Response: Input.dispatchKeyEvent (id=38) 8112A25260EFF01532ED062216790F73 {

}
[1607350437.163][DEBUG]: DevTools WebSocket Response: Input.dispatchKeyEvent (id=39) 8112A25260EFF01532ED062216790F73 {

}
[1607350437.163][DEBUG]: DevTools WebSocket Response: Input.dispatchKeyEvent (id=40) 8112A25260EFF01532ED062216790F73 {

}
[1607350437.163][DEBUG]: DevTools WebSocket Response: Input.dispatchKeyEvent (id=41) 8112A25260EFF01532ED062216790F73 {

}
[1607350437.163][DEBUG]: DevTools WebSocket Response: Input.dispatchKeyEvent (id=42) 8112A25260EFF01532ED062216790F73 {

}
[1607350437.163][DEBUG]: DevTools WebSocket Response: Input.dispatchKeyEvent (id=43) 8112A25260EFF01532ED062216790F73 {

}
[1607350437.170][DEBUG]: DevTools WebSocket Response: Input.dispatchKeyEvent (id=44) 8112A25260EFF01532ED062216790F73 {

}
[1607350437.170][DEBUG]: DevTools WebSocket Response: Input.dispatchKeyEvent (id=45) 8112A25260EFF01532ED062216790F73 {

}
[1607350437.171][DEBUG]: DevTools WebSocket Response: Input.dispatchKeyEvent (id=46) 8112A25260EFF01532ED062216790F73 {

}
[1607350437.171][DEBUG]: DevTools WebSocket Response: Input.dispatchKeyEvent (id=47) 8112A25260EFF01532ED062216790F73 {

}
[1607350437.171][DEBUG]: DevTools WebSocket Response: Input.dispatchKeyEvent (id=48) 8112A25260EFF01532ED062216790F73 {

}
[1607350437.181][DEBUG]: DevTools WebSocket Response: Input.dispatchKeyEvent (id=49) 8112A25260EFF01532ED062216790F73 {

}
[1607350437.181][DEBUG]: DevTools WebSocket Response: Input.dispatchKeyEvent (id=50) 8112A25260EFF01532ED062216790F73 {

}
[1607350437.181][INFO]: Waiting for pending navigations...
[1607350437.181][DEBUG]: DevTools WebSocket Command: Runtime.evaluate (id=51) 8112A25260EFF01532ED062216790F73 {
   "expression": "1"
}
[1607350437.196][DEBUG]: DevTools WebSocket Response: Runtime.evaluate (id=51) 8112A25260EFF01532ED062216790F73 {
   "result": {
      "description": "1",
      "type": "number",
      "value": 1
   }
}
[1607350437.197][INFO]: Done waiting for pending navigations. Status: ok
[1607350437.197][INFO]: [cc1bacb300d6899dfb829e0d042b3744] RESPONSE TypeElement
[1607350437.204][INFO]: [cc1bacb300d6899dfb829e0d042b3744] COMMAND FindElement {
   "using": "css selector",
   "value": "[id=\"Login_password\"]"
}
[1607350437.204][INFO]: Waiting for pending navigations...
[1607350437.204][DEBUG]: DevTools WebSocket Command: Runtime.evaluate (id=52) 8112A25260EFF01532ED062216790F73 {
   "expression": "1"
}
[1607350437.212][DEBUG]: DevTools WebSocket Response: Runtime.evaluate (id=52) 8112A25260EFF01532ED062216790F73 {
   "result": {
      "description": "1",
      "type": "number",
      "value": 1
   }
}
[1607350437.212][INFO]: Done waiting for pending navigations. Status: ok
[1607350437.216][DEBUG]: DevTools WebSocket Command: Runtime.evaluate (id=53) 8112A25260EFF01532ED062216790F73 {
   "awaitPromise": true,
   "expression": "(function() { // Copyright (c) 2012 The Chromium Authors. All rights reserved.\n// Use of this source code is governed by a BSD-style license that can be\n// found in the LICENSE file.\n\n/**\n * Enum f...",
   "returnByValue": true
}
[1607350437.259][DEBUG]: DevTools WebSocket Response: Runtime.evaluate (id=53) 8112A25260EFF01532ED062216790F73 {
   "result": {
      "type": "object",
      "value": {
         "status": 0,
         "value": {
            "element-6066-11e4-a52e-4f735466cecf": "b4b76419-b3c2-4c08-a18f-30767d048789"
         }
      }
   }
}
[1607350437.259][INFO]: Waiting for pending navigations...
[1607350437.259][DEBUG]: DevTools WebSocket Command: Runtime.evaluate (id=54) 8112A25260EFF01532ED062216790F73 {
   "expression": "1"
}
[1607350437.265][DEBUG]: DevTools WebSocket Response: Runtime.evaluate (id=54) 8112A25260EFF01532ED062216790F73 {
   "result": {
      "description": "1",
      "type": "number",
      "value": 1
   }
}
[1607350437.265][INFO]: Done waiting for pending navigations. Status: ok
[1607350437.265][INFO]: [cc1bacb300d6899dfb829e0d042b3744] RESPONSE FindElement {
   "element-6066-11e4-a52e-4f735466cecf": "b4b76419-b3c2-4c08-a18f-30767d048789"
}
[1607350437.267][INFO]: [cc1bacb300d6899dfb829e0d042b3744] COMMAND TypeElement {
   "id": "b4b76419-b3c2-4c08-a18f-30767d048789",
   "text": "Bojana2512",
   "value": [ "B", "o", "j", "a", "n", "a", "2", "5", "1", "2" ]
}
[1607350437.267][INFO]: Waiting for pending navigations...
[1607350437.267][DEBUG]: DevTools WebSocket Command: Runtime.evaluate (id=55) 8112A25260EFF01532ED062216790F73 {
   "expression": "1"
}
[1607350437.270][DEBUG]: DevTools WebSocket Response: Runtime.evaluate (id=55) 8112A25260EFF01532ED062216790F73 {
   "result": {
      "description": "1",
      "type": "number",
      "value": 1
   }
}
[1607350437.270][INFO]: Done waiting for pending navigations. Status: ok
[1607350437.273][DEBUG]: DevTools WebSocket Command: Runtime.evaluate (id=56) 8112A25260EFF01532ED062216790F73 {
   "awaitPromise": true,
   "expression": "(function() { // Copyright (c) 2012 The Chromium Authors. All rights reserved.\n// Use of this source code is governed by a BSD-style license that can be\n// found in the LICENSE file.\n\n/**\n * Enum f...",
   "returnByValue": true
}
[1607350437.300][DEBUG]: DevTools WebSocket Response: Runtime.evaluate (id=56) 8112A25260EFF01532ED062216790F73 {
   "result": {
      "type": "object",
      "value": {
         "status": 0,
         "value": "INPUT"
      }
   }
}
[1607350437.303][DEBUG]: DevTools WebSocket Command: Runtime.evaluate (id=57) 8112A25260EFF01532ED062216790F73 {
   "awaitPromise": true,
   "expression": "(function() { // Copyright (c) 2012 The Chromium Authors. All rights reserved.\n// Use of this source code is governed by a BSD-style license that can be\n// found in the LICENSE file.\n\n/**\n * Enum f...",
   "returnByValue": true
}
[1607350437.330][DEBUG]: DevTools WebSocket Response: Runtime.evaluate (id=57) 8112A25260EFF01532ED062216790F73 {
   "result": {
      "type": "object",
      "value": {
         "status": 0,
         "value": "password"
      }
   }
}
[1607350437.331][DEBUG]: DevTools WebSocket Command: Runtime.evaluate (id=58) 8112A25260EFF01532ED062216790F73 {
   "awaitPromise": true,
   "expression": "(function() { // Copyright (c) 2012 The Chromium Authors. All rights reserved.\n// Use of this source code is governed by a BSD-style license that can be\n// found in the LICENSE file.\n\n/**\n * Enum f...",
   "returnByValue": true
}
[1607350437.334][DEBUG]: DevTools WebSocket Response: Runtime.evaluate (id=58) 8112A25260EFF01532ED062216790F73 {
   "result": {
      "type": "object",
      "value": {
         "status": 0,
         "value": false
      }
   }
}
[1607350437.337][DEBUG]: DevTools WebSocket Command: Runtime.evaluate (id=59) 8112A25260EFF01532ED062216790F73 {
   "awaitPromise": true,
   "expression": "(function() { // Copyright (c) 2012 The Chromium Authors. All rights reserved.\n// Use of this source code is governed by a BSD-style license that can be\n// found in the LICENSE file.\n\n/**\n * Enum f...",
   "returnByValue": true
}
[1607350437.341][DEBUG]: DevTools WebSocket Response: Runtime.evaluate (id=59) 8112A25260EFF01532ED062216790F73 {
   "result": {
      "type": "object",
      "value": {
         "status": 0,
         "value": "INPUT"
      }
   }
}
[1607350437.342][DEBUG]: DevTools WebSocket Command: Runtime.evaluate (id=60) 8112A25260EFF01532ED062216790F73 {
   "awaitPromise": false,
   "expression": "document.hasFocus()",
   "returnByValue": true
}
[1607350437.347][DEBUG]: DevTools WebSocket Response: Runtime.evaluate (id=60) 8112A25260EFF01532ED062216790F73 {
   "result": {
      "type": "boolean",
      "value": true
   }
}
[1607350437.348][DEBUG]: DevTools WebSocket Command: Runtime.evaluate (id=61) 8112A25260EFF01532ED062216790F73 {
   "awaitPromise": true,
   "expression": "(function() { // Copyright (c) 2012 The Chromium Authors. All rights reserved.\n// Use of this source code is governed by a BSD-style license that can be\n// found in the LICENSE file.\n\n/**\n * Enum f...",
   "returnByValue": true
}
[1607350437.350][DEBUG]: DevTools WebSocket Response: Runtime.evaluate (id=61) 8112A25260EFF01532ED062216790F73 {
   "result": {
      "type": "object",
      "value": {
         "status": 0,
         "value": {
            "element-6066-11e4-a52e-4f735466cecf": "58f5d2fb-322c-48ba-b6f8-03d6c63636f9"
         }
      }
   }
}
[1607350437.354][DEBUG]: DevTools WebSocket Command: Runtime.evaluate (id=62) 8112A25260EFF01532ED062216790F73 {
   "awaitPromise": true,
   "expression": "(function() { // Copyright (c) 2012 The Chromium Authors. All rights reserved.\n// Use of this source code is governed by a BSD-style license that can be\n// found in the LICENSE file.\n\n/**\n * Enum f...",
   "returnByValue": true
}
[1607350437.397][DEBUG]: DevTools WebSocket Response: Runtime.evaluate (id=62) 8112A25260EFF01532ED062216790F73 {
   "result": {
      "type": "object",
      "value": {
         "status": 0,
         "value": true
      }
   }
}
[1607350437.402][DEBUG]: DevTools WebSocket Command: Runtime.evaluate (id=63) 8112A25260EFF01532ED062216790F73 {
   "awaitPromise": true,
   "expression": "(function() { // Copyright (c) 2012 The Chromium Authors. All rights reserved.\n// Use of this source code is governed by a BSD-style license that can be\n// found in the LICENSE file.\n\n/**\n * Enum f...",
   "returnByValue": true
}
[1607350437.440][DEBUG]: DevTools WebSocket Response: Runtime.evaluate (id=63) 8112A25260EFF01532ED062216790F73 {
   "result": {
      "type": "object",
      "value": {
         "status": 0,
         "value": true
      }
   }
}
[1607350437.441][DEBUG]: DevTools WebSocket Command: Runtime.evaluate (id=64) 8112A25260EFF01532ED062216790F73 {
   "awaitPromise": true,
   "expression": "(function() { // Copyright (c) 2012 The Chromium Authors. All rights reserved.\n// Use of this source code is governed by a BSD-style license that can be\n// found in the LICENSE file.\n\n/**\n * Enum f...",
   "returnByValue": true
}
[1607350437.473][DEBUG]: DevTools WebSocket Response: Runtime.evaluate (id=64) 8112A25260EFF01532ED062216790F73 {
   "result": {
      "type": "object",
      "value": {
         "status": 0,
         "value": null
      }
   }
}
[1607350437.474][DEBUG]: DevTools WebSocket Command: Runtime.evaluate (id=65) 8112A25260EFF01532ED062216790F73 {
   "awaitPromise": true,
   "expression": "(function() { // Copyright (c) 2012 The Chromium Authors. All rights reserved.\n// Use of this source code is governed by a BSD-style license that can be\n// found in the LICENSE file.\n\n/**\n * Enum f...",
   "returnByValue": true
}
[1607350437.496][DEBUG]: DevTools WebSocket Response: Runtime.evaluate (id=65) 8112A25260EFF01532ED062216790F73 {
   "result": {
      "type": "object",
      "value": {
         "status": 0,
         "value": null
      }
   }
}
[1607350437.496][DEBUG]: DevTools WebSocket Command: Input.dispatchKeyEvent (id=66) 8112A25260EFF01532ED062216790F73 {
   "code": "ShiftLeft",
   "key": "Shift",
   "modifiers": 0,
   "text": "",
   "type": "rawKeyDown",
   "unmodifiedText": "",
   "windowsVirtualKeyCode": 16
}
[1607350437.496][DEBUG]: DevTools WebSocket Command: Input.dispatchKeyEvent (id=67) 8112A25260EFF01532ED062216790F73 {
   "code": "KeyB",
   "key": "B",
   "modifiers": 8,
   "text": "B",
   "type": "rawKeyDown",
   "unmodifiedText": "b",
   "windowsVirtualKeyCode": 66
}
[1607350437.496][DEBUG]: DevTools WebSocket Command: Input.dispatchKeyEvent (id=68) 8112A25260EFF01532ED062216790F73 {
   "code": "KeyB",
   "key": "B",
   "modifiers": 8,
   "text": "B",
   "type": "char",
   "unmodifiedText": "b",
   "windowsVirtualKeyCode": 66
}
[1607350437.497][DEBUG]: DevTools WebSocket Command: Input.dispatchKeyEvent (id=69) 8112A25260EFF01532ED062216790F73 {
   "code": "KeyB",
   "key": "B",
   "modifiers": 8,
   "text": "B",
   "type": "keyUp",
   "unmodifiedText": "b",
   "windowsVirtualKeyCode": 66
}
[1607350437.497][DEBUG]: DevTools WebSocket Command: Input.dispatchKeyEvent (id=70) 8112A25260EFF01532ED062216790F73 {
   "code": "ShiftLeft",
   "key": "Shift",
   "modifiers": 0,
   "text": "",
   "type": "keyUp",
   "unmodifiedText": "",
   "windowsVirtualKeyCode": 16
}
[1607350437.497][DEBUG]: DevTools WebSocket Command: Input.dispatchKeyEvent (id=71) 8112A25260EFF01532ED062216790F73 {
   "code": "KeyO",
   "key": "o",
   "modifiers": 0,
   "text": "o",
   "type": "rawKeyDown",
   "unmodifiedText": "o",
   "windowsVirtualKeyCode": 79
}
[1607350437.498][DEBUG]: DevTools WebSocket Command: Input.dispatchKeyEvent (id=72) 8112A25260EFF01532ED062216790F73 {
   "code": "KeyO",
   "key": "o",
   "modifiers": 0,
   "text": "o",
   "type": "char",
   "unmodifiedText": "o",
   "windowsVirtualKeyCode": 79
}
[1607350437.498][DEBUG]: DevTools WebSocket Command: Input.dispatchKeyEvent (id=73) 8112A25260EFF01532ED062216790F73 {
   "code": "KeyO",
   "key": "o",
   "modifiers": 0,
   "text": "o",
   "type": "keyUp",
   "unmodifiedText": "o",
   "windowsVirtualKeyCode": 79
}
[1607350437.498][DEBUG]: DevTools WebSocket Command: Input.dispatchKeyEvent (id=74) 8112A25260EFF01532ED062216790F73 {
   "code": "KeyJ",
   "key": "j",
   "modifiers": 0,
   "text": "j",
   "type": "rawKeyDown",
   "unmodifiedText": "j",
   "windowsVirtualKeyCode": 74
}
[1607350437.498][DEBUG]: DevTools WebSocket Command: Input.dispatchKeyEvent (id=75) 8112A25260EFF01532ED062216790F73 {
   "code": "KeyJ",
   "key": "j",
   "modifiers": 0,
   "text": "j",
   "type": "char",
   "unmodifiedText": "j",
   "windowsVirtualKeyCode": 74
}
[1607350437.498][DEBUG]: DevTools WebSocket Command: Input.dispatchKeyEvent (id=76) 8112A25260EFF01532ED062216790F73 {
   "code": "KeyJ",
   "key": "j",
   "modifiers": 0,
   "text": "j",
   "type": "keyUp",
   "unmodifiedText": "j",
   "windowsVirtualKeyCode": 74
}
[1607350437.498][DEBUG]: DevTools WebSocket Command: Input.dispatchKeyEvent (id=77) 8112A25260EFF01532ED062216790F73 {
   "code": "KeyA",
   "key": "a",
   "modifiers": 0,
   "text": "a",
   "type": "rawKeyDown",
   "unmodifiedText": "a",
   "windowsVirtualKeyCode": 65
}
[1607350437.498][DEBUG]: DevTools WebSocket Command: Input.dispatchKeyEvent (id=78) 8112A25260EFF01532ED062216790F73 {
   "code": "KeyA",
   "key": "a",
   "modifiers": 0,
   "text": "a",
   "type": "char",
   "unmodifiedText": "a",
   "windowsVirtualKeyCode": 65
}
[1607350437.498][DEBUG]: DevTools WebSocket Command: Input.dispatchKeyEvent (id=79) 8112A25260EFF01532ED062216790F73 {
   "code": "KeyA",
   "key": "a",
   "modifiers": 0,
   "text": "a",
   "type": "keyUp",
   "unmodifiedText": "a",
   "windowsVirtualKeyCode": 65
}
[1607350437.498][DEBUG]: DevTools WebSocket Command: Input.dispatchKeyEvent (id=80) 8112A25260EFF01532ED062216790F73 {
   "code": "KeyN",
   "key": "n",
   "modifiers": 0,
   "text": "n",
   "type": "rawKeyDown",
   "unmodifiedText": "n",
   "windowsVirtualKeyCode": 78
}
[1607350437.498][DEBUG]: DevTools WebSocket Command: Input.dispatchKeyEvent (id=81) 8112A25260EFF01532ED062216790F73 {
   "code": "KeyN",
   "key": "n",
   "modifiers": 0,
   "text": "n",
   "type": "char",
   "unmodifiedText": "n",
   "windowsVirtualKeyCode": 78
}
[1607350437.499][DEBUG]: DevTools WebSocket Command: Input.dispatchKeyEvent (id=82) 8112A25260EFF01532ED062216790F73 {
   "code": "KeyN",
   "key": "n",
   "modifiers": 0,
   "text": "n",
   "type": "keyUp",
   "unmodifiedText": "n",
   "windowsVirtualKeyCode": 78
}
[1607350437.499][DEBUG]: DevTools WebSocket Command: Input.dispatchKeyEvent (id=83) 8112A25260EFF01532ED062216790F73 {
   "code": "KeyA",
   "key": "a",
   "modifiers": 0,
   "text": "a",
   "type": "rawKeyDown",
   "unmodifiedText": "a",
   "windowsVirtualKeyCode": 65
}
[1607350437.499][DEBUG]: DevTools WebSocket Command: Input.dispatchKeyEvent (id=84) 8112A25260EFF01532ED062216790F73 {
   "code": "KeyA",
   "key": "a",
   "modifiers": 0,
   "text": "a",
   "type": "char",
   "unmodifiedText": "a",
   "windowsVirtualKeyCode": 65
}
[1607350437.499][DEBUG]: DevTools WebSocket Command: Input.dispatchKeyEvent (id=85) 8112A25260EFF01532ED062216790F73 {
   "code": "KeyA",
   "key": "a",
   "modifiers": 0,
   "text": "a",
   "type": "keyUp",
   "unmodifiedText": "a",
   "windowsVirtualKeyCode": 65
}
[1607350437.499][DEBUG]: DevTools WebSocket Command: Input.dispatchKeyEvent (id=86) 8112A25260EFF01532ED062216790F73 {
   "code": "Digit2",
   "key": "2",
   "modifiers": 0,
   "text": "2",
   "type": "rawKeyDown",
   "unmodifiedText": "2",
   "windowsVirtualKeyCode": 50
}
[1607350437.499][DEBUG]: DevTools WebSocket Command: Input.dispatchKeyEvent (id=87) 8112A25260EFF01532ED062216790F73 {
   "code": "Digit2",
   "key": "2",
   "modifiers": 0,
   "text": "2",
   "type": "char",
   "unmodifiedText": "2",
   "windowsVirtualKeyCode": 50
}
[1607350437.499][DEBUG]: DevTools WebSocket Command: Input.dispatchKeyEvent (id=88) 8112A25260EFF01532ED062216790F73 {
   "code": "Digit2",
   "key": "2",
   "modifiers": 0,
   "text": "2",
   "type": "keyUp",
   "unmodifiedText": "2",
   "windowsVirtualKeyCode": 50
}
[1607350437.501][DEBUG]: DevTools WebSocket Command: Input.dispatchKeyEvent (id=89) 8112A25260EFF01532ED062216790F73 {
   "code": "Digit5",
   "key": "5",
   "modifiers": 0,
   "text": "5",
   "type": "rawKeyDown",
   "unmodifiedText": "5",
   "windowsVirtualKeyCode": 53
}
[1607350437.502][DEBUG]: DevTools WebSocket Command: Input.dispatchKeyEvent (id=90) 8112A25260EFF01532ED062216790F73 {
   "code": "Digit5",
   "key": "5",
   "modifiers": 0,
   "text": "5",
   "type": "char",
   "unmodifiedText": "5",
   "windowsVirtualKeyCode": 53
}
[1607350437.502][DEBUG]: DevTools WebSocket Command: Input.dispatchKeyEvent (id=91) 8112A25260EFF01532ED062216790F73 {
   "code": "Digit5",
   "key": "5",
   "modifiers": 0,
   "text": "5",
   "type": "keyUp",
   "unmodifiedText": "5",
   "windowsVirtualKeyCode": 53
}
[1607350437.502][DEBUG]: DevTools WebSocket Command: Input.dispatchKeyEvent (id=92) 8112A25260EFF01532ED062216790F73 {
   "code": "Digit1",
   "key": "1",
   "modifiers": 0,
   "text": "1",
   "type": "rawKeyDown",
   "unmodifiedText": "1",
   "windowsVirtualKeyCode": 49
}
[1607350437.502][DEBUG]: DevTools WebSocket Command: Input.dispatchKeyEvent (id=93) 8112A25260EFF01532ED062216790F73 {
   "code": "Digit1",
   "key": "1",
   "modifiers": 0,
   "text": "1",
   "type": "char",
   "unmodifiedText": "1",
   "windowsVirtualKeyCode": 49
}
[1607350437.502][DEBUG]: DevTools WebSocket Command: Input.dispatchKeyEvent (id=94) 8112A25260EFF01532ED062216790F73 {
   "code": "Digit1",
   "key": "1",
   "modifiers": 0,
   "text": "1",
   "type": "keyUp",
   "unmodifiedText": "1",
   "windowsVirtualKeyCode": 49
}
[1607350437.502][DEBUG]: DevTools WebSocket Command: Input.dispatchKeyEvent (id=95) 8112A25260EFF01532ED062216790F73 {
   "code": "Digit2",
   "key": "2",
   "modifiers": 0,
   "text": "2",
   "type": "rawKeyDown",
   "unmodifiedText": "2",
   "windowsVirtualKeyCode": 50
}
[1607350437.502][DEBUG]: DevTools WebSocket Command: Input.dispatchKeyEvent (id=96) 8112A25260EFF01532ED062216790F73 {
   "code": "Digit2",
   "key": "2",
   "modifiers": 0,
   "text": "2",
   "type": "char",
   "unmodifiedText": "2",
   "windowsVirtualKeyCode": 50
}
[1607350437.502][DEBUG]: DevTools WebSocket Command: Input.dispatchKeyEvent (id=97) 8112A25260EFF01532ED062216790F73 {
   "code": "Digit2",
   "key": "2",
   "modifiers": 0,
   "text": "2",
   "type": "keyUp",
   "unmodifiedText": "2",
   "windowsVirtualKeyCode": 50
}
[1607350437.503][DEBUG]: DevTools WebSocket Response: Input.dispatchKeyEvent (id=66) 8112A25260EFF01532ED062216790F73 {

}
[1607350437.503][DEBUG]: DevTools WebSocket Response: Input.dispatchKeyEvent (id=67) 8112A25260EFF01532ED062216790F73 {

}
[1607350437.503][DEBUG]: DevTools WebSocket Response: Input.dispatchKeyEvent (id=68) 8112A25260EFF01532ED062216790F73 {

}
[1607350437.503][DEBUG]: DevTools WebSocket Response: Input.dispatchKeyEvent (id=69) 8112A25260EFF01532ED062216790F73 {

}
[1607350437.503][DEBUG]: DevTools WebSocket Response: Input.dispatchKeyEvent (id=70) 8112A25260EFF01532ED062216790F73 {

}
[1607350437.504][DEBUG]: DevTools WebSocket Response: Input.dispatchKeyEvent (id=71) 8112A25260EFF01532ED062216790F73 {

}
[1607350437.505][DEBUG]: DevTools WebSocket Response: Input.dispatchKeyEvent (id=72) 8112A25260EFF01532ED062216790F73 {

}
[1607350437.506][DEBUG]: DevTools WebSocket Response: Input.dispatchKeyEvent (id=73) 8112A25260EFF01532ED062216790F73 {

}
[1607350437.506][DEBUG]: DevTools WebSocket Response: Input.dispatchKeyEvent (id=74) 8112A25260EFF01532ED062216790F73 {

}
[1607350437.517][DEBUG]: DevTools WebSocket Response: Input.dispatchKeyEvent (id=75) 8112A25260EFF01532ED062216790F73 {

}
[1607350437.517][DEBUG]: DevTools WebSocket Response: Input.dispatchKeyEvent (id=76) 8112A25260EFF01532ED062216790F73 {

}
[1607350437.518][DEBUG]: DevTools WebSocket Response: Input.dispatchKeyEvent (id=77) 8112A25260EFF01532ED062216790F73 {

}
[1607350437.519][DEBUG]: DevTools WebSocket Response: Input.dispatchKeyEvent (id=78) 8112A25260EFF01532ED062216790F73 {

}
[1607350437.519][DEBUG]: DevTools WebSocket Response: Input.dispatchKeyEvent (id=79) 8112A25260EFF01532ED062216790F73 {

}
[1607350437.524][DEBUG]: DevTools WebSocket Response: Input.dispatchKeyEvent (id=80) 8112A25260EFF01532ED062216790F73 {

}
[1607350437.526][DEBUG]: DevTools WebSocket Response: Input.dispatchKeyEvent (id=81) 8112A25260EFF01532ED062216790F73 {

}
[1607350437.526][DEBUG]: DevTools WebSocket Response: Input.dispatchKeyEvent (id=82) 8112A25260EFF01532ED062216790F73 {

}
[1607350437.526][DEBUG]: DevTools WebSocket Response: Input.dispatchKeyEvent (id=83) 8112A25260EFF01532ED062216790F73 {

}
[1607350437.527][DEBUG]: DevTools WebSocket Response: Input.dispatchKeyEvent (id=84) 8112A25260EFF01532ED062216790F73 {

}
[1607350437.527][DEBUG]: DevTools WebSocket Response: Input.dispatchKeyEvent (id=85) 8112A25260EFF01532ED062216790F73 {

}
[1607350437.528][DEBUG]: DevTools WebSocket Response: Input.dispatchKeyEvent (id=86) 8112A25260EFF01532ED062216790F73 {

}
[1607350437.528][DEBUG]: DevTools WebSocket Response: Input.dispatchKeyEvent (id=87) 8112A25260EFF01532ED062216790F73 {

}
[1607350437.528][DEBUG]: DevTools WebSocket Response: Input.dispatchKeyEvent (id=88) 8112A25260EFF01532ED062216790F73 {

}
[1607350437.529][DEBUG]: DevTools WebSocket Response: Input.dispatchKeyEvent (id=89) 8112A25260EFF01532ED062216790F73 {

}
[1607350437.531][DEBUG]: DevTools WebSocket Response: Input.dispatchKeyEvent (id=90) 8112A25260EFF01532ED062216790F73 {

}
[1607350437.531][DEBUG]: DevTools WebSocket Response: Input.dispatchKeyEvent (id=91) 8112A25260EFF01532ED062216790F73 {

}
[1607350437.532][DEBUG]: DevTools WebSocket Response: Input.dispatchKeyEvent (id=92) 8112A25260EFF01532ED062216790F73 {

}
[1607350437.535][DEBUG]: DevTools WebSocket Response: Input.dispatchKeyEvent (id=93) 8112A25260EFF01532ED062216790F73 {

}
[1607350437.535][DEBUG]: DevTools WebSocket Response: Input.dispatchKeyEvent (id=94) 8112A25260EFF01532ED062216790F73 {

}
[1607350437.535][DEBUG]: DevTools WebSocket Response: Input.dispatchKeyEvent (id=95) 8112A25260EFF01532ED062216790F73 {

}
[1607350437.536][DEBUG]: DevTools WebSocket Response: Input.dispatchKeyEvent (id=96) 8112A25260EFF01532ED062216790F73 {

}
[1607350437.536][DEBUG]: DevTools WebSocket Response: Input.dispatchKeyEvent (id=97) 8112A25260EFF01532ED062216790F73 {

}
[1607350437.536][INFO]: Waiting for pending navigations...
[1607350437.536][DEBUG]: DevTools WebSocket Command: Runtime.evaluate (id=98) 8112A25260EFF01532ED062216790F73 {
   "expression": "1"
}
[1607350437.543][DEBUG]: DevTools WebSocket Response: Runtime.evaluate (id=98) 8112A25260EFF01532ED062216790F73 {
   "result": {
      "description": "1",
      "type": "number",
      "value": 1
   }
}
[1607350437.543][INFO]: Done waiting for pending navigations. Status: ok
[1607350437.543][INFO]: [cc1bacb300d6899dfb829e0d042b3744] RESPONSE TypeElement
[1607350437.545][INFO]: [cc1bacb300d6899dfb829e0d042b3744] COMMAND FindElement {
   "using": "css selector",
   "value": "[id=\"Login_loginButton\"]"
}
[1607350437.545][INFO]: Waiting for pending navigations...
[1607350437.545][DEBUG]: DevTools WebSocket Command: Runtime.evaluate (id=99) 8112A25260EFF01532ED062216790F73 {
   "expression": "1"
}
[1607350437.563][DEBUG]: DevTools WebSocket Response: Runtime.evaluate (id=99) 8112A25260EFF01532ED062216790F73 {
   "result": {
      "description": "1",
      "type": "number",
      "value": 1
   }
}
[1607350437.563][INFO]: Done waiting for pending navigations. Status: ok
[1607350437.570][DEBUG]: DevTools WebSocket Command: Runtime.evaluate (id=100) 8112A25260EFF01532ED062216790F73 {
   "awaitPromise": true,
   "expression": "(function() { // Copyright (c) 2012 The Chromium Authors. All rights reserved.\n// Use of this source code is governed by a BSD-style license that can be\n// found in the LICENSE file.\n\n/**\n * Enum f...",
   "returnByValue": true
}
[1607350437.598][DEBUG]: DevTools WebSocket Response: Runtime.evaluate (id=100) 8112A25260EFF01532ED062216790F73 {
   "result": {
      "type": "object",
      "value": {
         "status": 0,
         "value": {
            "element-6066-11e4-a52e-4f735466cecf": "1323be7f-4f1e-4bce-9bc6-24ef32922cc3"
         }
      }
   }
}
[1607350437.599][INFO]: Waiting for pending navigations...
[1607350437.599][DEBUG]: DevTools WebSocket Command: Runtime.evaluate (id=101) 8112A25260EFF01532ED062216790F73 {
   "expression": "1"
}
[1607350437.616][DEBUG]: DevTools WebSocket Response: Runtime.evaluate (id=101) 8112A25260EFF01532ED062216790F73 {
   "result": {
      "description": "1",
      "type": "number",
      "value": 1
   }
}
[1607350437.616][INFO]: Done waiting for pending navigations. Status: ok
[1607350437.616][INFO]: [cc1bacb300d6899dfb829e0d042b3744] RESPONSE FindElement {
   "element-6066-11e4-a52e-4f735466cecf": "1323be7f-4f1e-4bce-9bc6-24ef32922cc3"
}
[1607350437.617][INFO]: [cc1bacb300d6899dfb829e0d042b3744] COMMAND ClickElement {
   "id": "1323be7f-4f1e-4bce-9bc6-24ef32922cc3"
}
[1607350437.617][INFO]: Waiting for pending navigations...
[1607350437.617][DEBUG]: DevTools WebSocket Command: Runtime.evaluate (id=102) 8112A25260EFF01532ED062216790F73 {
   "expression": "1"
}
[1607350437.626][DEBUG]: DevTools WebSocket Response: Runtime.evaluate (id=102) 8112A25260EFF01532ED062216790F73 {
   "result": {
      "description": "1",
      "type": "number",
      "value": 1
   }
}
[1607350437.626][INFO]: Done waiting for pending navigations. Status: ok
[1607350437.627][DEBUG]: DevTools WebSocket Command: Runtime.evaluate (id=103) 8112A25260EFF01532ED062216790F73 {
   "awaitPromise": true,
   "expression": "(function() { // Copyright (c) 2012 The Chromium Authors. All rights reserved.\n// Use of this source code is governed by a BSD-style license that can be\n// found in the LICENSE file.\n\n/**\n * Enum f...",
   "returnByValue": true
}
[1607350437.635][DEBUG]: DevTools WebSocket Response: Runtime.evaluate (id=103) 8112A25260EFF01532ED062216790F73 {
   "result": {
      "type": "object",
      "value": {
         "status": 0,
         "value": "button"
      }
   }
}
[1607350437.635][DEBUG]: DevTools WebSocket Command: Runtime.evaluate (id=104) 8112A25260EFF01532ED062216790F73 {
   "awaitPromise": true,
   "expression": "(function() { // Copyright (c) 2012 The Chromium Authors. All rights reserved.\n// Use of this source code is governed by a BSD-style license that can be\n// found in the LICENSE file.\n\n/**\n * Enum f...",
   "returnByValue": true
}
[1607350437.645][DEBUG]: DevTools WebSocket Response: Runtime.evaluate (id=104) 8112A25260EFF01532ED062216790F73 {
   "result": {
      "type": "object",
      "value": {
         "status": 0,
         "value": "button"
      }
   }
}
[1607350437.652][DEBUG]: DevTools WebSocket Command: Runtime.evaluate (id=105) 8112A25260EFF01532ED062216790F73 {
   "awaitPromise": true,
   "expression": "(function() { // Copyright (c) 2012 The Chromium Authors. All rights reserved.\n// Use of this source code is governed by a BSD-style license that can be\n// found in the LICENSE file.\n\n/**\n * Enum f...",
   "returnByValue": true
}
[1607350437.662][DEBUG]: DevTools WebSocket Response: Runtime.evaluate (id=105) 8112A25260EFF01532ED062216790F73 {
   "result": {
      "type": "object",
      "value": {
         "status": 0,
         "value": true
      }
   }
}
[1607350437.663][DEBUG]: DevTools WebSocket Command: Runtime.evaluate (id=106) 8112A25260EFF01532ED062216790F73 {
   "awaitPromise": true,
   "expression": "(function() { // Copyright (c) 2012 The Chromium Authors. All rights reserved.\n// Use of this source code is governed by a BSD-style license that can be\n// found in the LICENSE file.\n\n/**\n * Enum f...",
   "returnByValue": true
}
[1607350437.667][DEBUG]: DevTools WebSocket Response: Runtime.evaluate (id=106) 8112A25260EFF01532ED062216790F73 {
   "result": {
      "type": "object",
      "value": {
         "status": 0,
         "value": {
            "height": 36,
            "left": 0,
            "top": 0,
            "width": 88
         }
      }
   }
}
[1607350437.672][DEBUG]: DevTools WebSocket Command: Runtime.evaluate (id=107) 8112A25260EFF01532ED062216790F73 {
   "awaitPromise": true,
   "expression": "(function() { // Copyright (c) 2012 The Chromium Authors. All rights reserved.\n// Use of this source code is governed by a BSD-style license that can be\n// found in the LICENSE file.\n\n/**\n * Enum f...",
   "returnByValue": true
}
[1607350437.690][DEBUG]: DevTools WebSocket Response: Runtime.evaluate (id=107) 8112A25260EFF01532ED062216790F73 {
   "result": {
      "type": "object",
      "value": {
         "status": 0,
         "value": {
            "ceil": {

            },
            "clone": {

            },
            "floor": {

            },
            "round": {

            },
            "scale": {

            },
            "translate": {

            },
            "x": 1073,
            "y": 301
         }
      }
   }
}
[1607350437.719][DEBUG]: DevTools WebSocket Command: Runtime.evaluate (id=108) 8112A25260EFF01532ED062216790F73 {
   "awaitPromise": true,
   "expression": "(function() { // Copyright (c) 2012 The Chromium Authors. All rights reserved.\n// Use of this source code is governed by a BSD-style license that can be\n// found in the LICENSE file.\n\n/**\n * Enum f...",
   "returnByValue": true
}
[1607350437.728][DEBUG]: DevTools WebSocket Response: Runtime.evaluate (id=108) 8112A25260EFF01532ED062216790F73 {
   "result": {
      "type": "object",
      "value": {
         "status": 0,
         "value": {
            "clickable": true
         }
      }
   }
}
[1607350437.728][DEBUG]: DevTools WebSocket Command: Input.dispatchMouseEvent (id=109) 8112A25260EFF01532ED062216790F73 {
   "button": "none",
   "buttons": 0,
   "clickCount": 0,
   "modifiers": 0,
   "pointerType": "mouse",
   "type": "mouseMoved",
   "x": 1117,
   "y": 319
}
[1607350437.728][DEBUG]: DevTools WebSocket Command: Input.dispatchMouseEvent (id=110) 8112A25260EFF01532ED062216790F73 {
   "button": "left",
   "buttons": 0,
   "clickCount": 1,
   "modifiers": 0,
   "pointerType": "mouse",
   "type": "mousePressed",
   "x": 1117,
   "y": 319
}
[1607350437.728][DEBUG]: DevTools WebSocket Command: Input.dispatchMouseEvent (id=111) 8112A25260EFF01532ED062216790F73 {
   "button": "left",
   "buttons": 1,
   "clickCount": 1,
   "modifiers": 0,
   "pointerType": "mouse",
   "type": "mouseReleased",
   "x": 1117,
   "y": 319
}
[1607350437.731][DEBUG]: DevTools WebSocket Response: Input.dispatchMouseEvent (id=109) 8112A25260EFF01532ED062216790F73 {

}
[1607350437.742][DEBUG]: DevTools WebSocket Response: Input.dispatchMouseEvent (id=110) 8112A25260EFF01532ED062216790F73 {

}
[1607350437.761][DEBUG]: DevTools WebSocket Response: Input.dispatchMouseEvent (id=111) 8112A25260EFF01532ED062216790F73 {

}
[1607350437.761][INFO]: Waiting for pending navigations...
[1607350437.761][DEBUG]: DevTools WebSocket Command: Runtime.evaluate (id=112) 8112A25260EFF01532ED062216790F73 {
   "expression": "1"
}
[1607350437.763][DEBUG]: DevTools WebSocket Response: Runtime.evaluate (id=112) 8112A25260EFF01532ED062216790F73 {
   "result": {
      "description": "1",
      "type": "number",
      "value": 1
   }
}
[1607350437.763][INFO]: Done waiting for pending navigations. Status: ok
[1607350437.763][INFO]: [cc1bacb300d6899dfb829e0d042b3744] RESPONSE ClickElement
[1207/151542.871805:ERROR:nacl_helper_linux.cc(307)] NaCl helper process running without a sandbox!
Most likely you need to configure your SUID sandbox correctly
